<?xml version="1.0" encoding="UTF-8"?>
<!-- Generated by org.testng.reporters.JUnitReportReporter -->
<testsuite skipped="0" hostname="CYBPERQA009" name="OpenBrowser" tests="1" failures="0" timestamp="19 Aug 2018 10:43:54 GMT" time="11.219" errors="0">
  <testcase name="testBrowser" time="11.219" classname="OpenBrowser"/>
</testsuite> <!-- OpenBrowser -->
